2020-03-23 22:40:41 INFO  ProducerConfig:347 - ProducerConfig values: 
	acks = all
	batch.size = 16384
	bootstrap.servers = [localhost:9092]
	buffer.memory = 33554432
	client.dns.lookup = default
	client.id = 
	compression.type = none
	connections.max.idle.ms = 540000
	delivery.timeout.ms = 120000
	enable.idempotence = false
	interceptor.classes = []
	key.serializer = class org.apache.kafka.common.serialization.StringSerializer
	linger.ms = 1
	max.block.ms = 60000
	max.in.flight.requests.per.connection = 5
	max.request.size = 1048576
	metadata.max.age.ms = 300000
	metric.reporters = []
	metrics.num.samples = 2
	metrics.recording.level = INFO
	metrics.sample.window.ms = 30000
	partitioner.class = class org.apache.kafka.clients.producer.internals.DefaultPartitioner
	receive.buffer.bytes = 32768
	reconnect.backoff.max.ms = 1000
	reconnect.backoff.ms = 50
	request.timeout.ms = 30000
	retries = 0
	retry.backoff.ms = 100
	sasl.client.callback.handler.class = null
	sasl.jaas.config = null
	sasl.kerberos.kinit.cmd = /usr/bin/kinit
	sasl.kerberos.min.time.before.relogin = 60000
	sasl.kerberos.service.name = null
	sasl.kerberos.ticket.renew.jitter = 0.05
	sasl.kerberos.ticket.renew.window.factor = 0.8
	sasl.login.callback.handler.class = null
	sasl.login.class = null
	sasl.login.refresh.buffer.seconds = 300
	sasl.login.refresh.min.period.seconds = 60
	sasl.login.refresh.window.factor = 0.8
	sasl.login.refresh.window.jitter = 0.05
	sasl.mechanism = GSSAPI
	security.protocol = PLAINTEXT
	send.buffer.bytes = 131072
	ssl.cipher.suites = null
	ssl.enabled.protocols = [TLSv1.2, TLSv1.1, TLSv1]
	ssl.endpoint.identification.algorithm = https
	ssl.key.password = null
	ssl.keymanager.algorithm = SunX509
	ssl.keystore.location = null
	ssl.keystore.password = null
	ssl.keystore.type = JKS
	ssl.protocol = TLS
	ssl.provider = null
	ssl.secure.random.implementation = null
	ssl.trustmanager.algorithm = PKIX
	ssl.truststore.location = null
	ssl.truststore.password = null
	ssl.truststore.type = JKS
	transaction.timeout.ms = 60000
	transactional.id = null
	value.serializer = class org.apache.kafka.common.serialization.StringSerializer

2020-03-23 22:40:42 INFO  AppInfoParser:117 - Kafka version: 2.3.0
2020-03-23 22:40:42 INFO  AppInfoParser:118 - Kafka commitId: fc1aaa116b661c8a
2020-03-23 22:40:42 INFO  AppInfoParser:119 - Kafka startTimeMs: 1584974442237
2020-03-23 22:40:42 ERROR KafkaThread:51 - Uncaught exception in thread 'kafka-producer-network-thread | producer-1':
2020-03-23 22:41:12 INFO  ProducerConfig:347 - ProducerConfig values: 
	acks = all
	batch.size = 16384
	bootstrap.servers = [localhost:9092]
	buffer.memory = 33554432
	client.dns.lookup = default
	client.id = 
	compression.type = none
	connections.max.idle.ms = 540000
	delivery.timeout.ms = 120000
	enable.idempotence = false
	interceptor.classes = []
	key.serializer = class org.apache.kafka.common.serialization.StringSerializer
	linger.ms = 1
	max.block.ms = 60000
	max.in.flight.requests.per.connection = 5
	max.request.size = 1048576
	metadata.max.age.ms = 300000
	metric.reporters = []
	metrics.num.samples = 2
	metrics.recording.level = INFO
	metrics.sample.window.ms = 30000
	partitioner.class = class org.apache.kafka.clients.producer.internals.DefaultPartitioner
	receive.buffer.bytes = 32768
	reconnect.backoff.max.ms = 1000
	reconnect.backoff.ms = 50
	request.timeout.ms = 30000
	retries = 0
	retry.backoff.ms = 100
	sasl.client.callback.handler.class = null
	sasl.jaas.config = null
	sasl.kerberos.kinit.cmd = /usr/bin/kinit
	sasl.kerberos.min.time.before.relogin = 60000
	sasl.kerberos.service.name = null
	sasl.kerberos.ticket.renew.jitter = 0.05
	sasl.kerberos.ticket.renew.window.factor = 0.8
	sasl.login.callback.handler.class = null
	sasl.login.class = null
	sasl.login.refresh.buffer.seconds = 300
	sasl.login.refresh.min.period.seconds = 60
	sasl.login.refresh.window.factor = 0.8
	sasl.login.refresh.window.jitter = 0.05
	sasl.mechanism = GSSAPI
	security.protocol = PLAINTEXT
	send.buffer.bytes = 131072
	ssl.cipher.suites = null
	ssl.enabled.protocols = [TLSv1.2, TLSv1.1, TLSv1]
	ssl.endpoint.identification.algorithm = https
	ssl.key.password = null
	ssl.keymanager.algorithm = SunX509
	ssl.keystore.location = null
	ssl.keystore.password = null
	ssl.keystore.type = JKS
	ssl.protocol = TLS
	ssl.provider = null
	ssl.secure.random.implementation = null
	ssl.trustmanager.algorithm = PKIX
	ssl.truststore.location = null
	ssl.truststore.password = null
	ssl.truststore.type = JKS
	transaction.timeout.ms = 60000
	transactional.id = null
	value.serializer = class org.apache.kafka.common.serialization.StringSerializer

2020-03-23 22:41:12 DEBUG Metrics:416 - Added sensor with name bufferpool-wait-time
2020-03-23 22:41:12 DEBUG Metrics:416 - Added sensor with name buffer-exhausted-records
2020-03-23 22:41:12 DEBUG Metrics:416 - Added sensor with name errors
2020-03-23 22:41:12 DEBUG Metrics:416 - Added sensor with name produce-throttle-time
2020-03-23 22:41:12 DEBUG Metrics:416 - Added sensor with name connections-closed:
2020-03-23 22:41:12 DEBUG Metrics:416 - Added sensor with name connections-created:
2020-03-23 22:41:12 DEBUG Metrics:416 - Added sensor with name successful-authentication:
2020-03-23 22:41:12 DEBUG Metrics:416 - Added sensor with name successful-reauthentication:
2020-03-23 22:41:12 DEBUG Metrics:416 - Added sensor with name successful-authentication-no-reauth:
2020-03-23 22:41:12 DEBUG Metrics:416 - Added sensor with name failed-authentication:
2020-03-23 22:41:12 DEBUG Metrics:416 - Added sensor with name failed-reauthentication:
2020-03-23 22:41:12 DEBUG Metrics:416 - Added sensor with name reauthentication-latency:
2020-03-23 22:41:12 DEBUG Metrics:416 - Added sensor with name bytes-sent-received:
2020-03-23 22:41:12 DEBUG Metrics:416 - Added sensor with name bytes-sent:
2020-03-23 22:41:12 DEBUG Metrics:416 - Added sensor with name bytes-received:
2020-03-23 22:41:12 DEBUG Metrics:416 - Added sensor with name select-time:
2020-03-23 22:41:12 DEBUG Metrics:416 - Added sensor with name io-time:
2020-03-23 22:41:12 DEBUG Metrics:416 - Added sensor with name batch-size
2020-03-23 22:41:12 DEBUG Metrics:416 - Added sensor with name compression-rate
2020-03-23 22:41:12 DEBUG Metrics:416 - Added sensor with name queue-time
2020-03-23 22:41:12 DEBUG Metrics:416 - Added sensor with name request-time
2020-03-23 22:41:12 DEBUG Metrics:416 - Added sensor with name records-per-request
2020-03-23 22:41:12 DEBUG Metrics:416 - Added sensor with name record-retries
2020-03-23 22:41:12 DEBUG Metrics:416 - Added sensor with name record-size
2020-03-23 22:41:12 DEBUG Metrics:416 - Added sensor with name batch-split-rate
2020-03-23 22:41:12 ERROR KafkaThread:51 - Uncaught exception in thread 'kafka-producer-network-thread | producer-1':
2020-03-23 22:41:12 INFO  AppInfoParser:117 - Kafka version: 2.3.0
2020-03-23 22:41:12 INFO  AppInfoParser:118 - Kafka commitId: fc1aaa116b661c8a
2020-03-23 22:41:12 INFO  AppInfoParser:119 - Kafka startTimeMs: 1584974472956
2020-03-23 22:41:21 INFO  ProducerConfig:347 - ProducerConfig values: 
	acks = all
	batch.size = 16384
	bootstrap.servers = [localhost:9092]
	buffer.memory = 33554432
	client.dns.lookup = default
	client.id = 
	compression.type = none
	connections.max.idle.ms = 540000
	delivery.timeout.ms = 120000
	enable.idempotence = false
	interceptor.classes = []
	key.serializer = class org.apache.kafka.common.serialization.StringSerializer
	linger.ms = 1
	max.block.ms = 60000
	max.in.flight.requests.per.connection = 5
	max.request.size = 1048576
	metadata.max.age.ms = 300000
	metric.reporters = []
	metrics.num.samples = 2
	metrics.recording.level = INFO
	metrics.sample.window.ms = 30000
	partitioner.class = class org.apache.kafka.clients.producer.internals.DefaultPartitioner
	receive.buffer.bytes = 32768
	reconnect.backoff.max.ms = 1000
	reconnect.backoff.ms = 50
	request.timeout.ms = 30000
	retries = 0
	retry.backoff.ms = 100
	sasl.client.callback.handler.class = null
	sasl.jaas.config = null
	sasl.kerberos.kinit.cmd = /usr/bin/kinit
	sasl.kerberos.min.time.before.relogin = 60000
	sasl.kerberos.service.name = null
	sasl.kerberos.ticket.renew.jitter = 0.05
	sasl.kerberos.ticket.renew.window.factor = 0.8
	sasl.login.callback.handler.class = null
	sasl.login.class = null
	sasl.login.refresh.buffer.seconds = 300
	sasl.login.refresh.min.period.seconds = 60
	sasl.login.refresh.window.factor = 0.8
	sasl.login.refresh.window.jitter = 0.05
	sasl.mechanism = GSSAPI
	security.protocol = PLAINTEXT
	send.buffer.bytes = 131072
	ssl.cipher.suites = null
	ssl.enabled.protocols = [TLSv1.2, TLSv1.1, TLSv1]
	ssl.endpoint.identification.algorithm = https
	ssl.key.password = null
	ssl.keymanager.algorithm = SunX509
	ssl.keystore.location = null
	ssl.keystore.password = null
	ssl.keystore.type = JKS
	ssl.protocol = TLS
	ssl.provider = null
	ssl.secure.random.implementation = null
	ssl.trustmanager.algorithm = PKIX
	ssl.truststore.location = null
	ssl.truststore.password = null
	ssl.truststore.type = JKS
	transaction.timeout.ms = 60000
	transactional.id = null
	value.serializer = class org.apache.kafka.common.serialization.StringSerializer

2020-03-23 22:41:21 DEBUG Metrics:416 - Added sensor with name bufferpool-wait-time
2020-03-23 22:41:21 DEBUG Metrics:416 - Added sensor with name buffer-exhausted-records
2020-03-23 22:41:21 DEBUG Metrics:416 - Added sensor with name errors
2020-03-23 22:41:21 DEBUG Metrics:416 - Added sensor with name produce-throttle-time
2020-03-23 22:41:21 DEBUG Metrics:416 - Added sensor with name connections-closed:
2020-03-23 22:41:21 DEBUG Metrics:416 - Added sensor with name connections-created:
2020-03-23 22:41:21 DEBUG Metrics:416 - Added sensor with name successful-authentication:
2020-03-23 22:41:21 DEBUG Metrics:416 - Added sensor with name successful-reauthentication:
2020-03-23 22:41:21 DEBUG Metrics:416 - Added sensor with name successful-authentication-no-reauth:
2020-03-23 22:41:21 DEBUG Metrics:416 - Added sensor with name failed-authentication:
2020-03-23 22:41:21 DEBUG Metrics:416 - Added sensor with name failed-reauthentication:
2020-03-23 22:41:21 DEBUG Metrics:416 - Added sensor with name reauthentication-latency:
2020-03-23 22:41:21 DEBUG Metrics:416 - Added sensor with name bytes-sent-received:
2020-03-23 22:41:21 DEBUG Metrics:416 - Added sensor with name bytes-sent:
2020-03-23 22:41:21 DEBUG Metrics:416 - Added sensor with name bytes-received:
2020-03-23 22:41:21 DEBUG Metrics:416 - Added sensor with name select-time:
2020-03-23 22:41:21 DEBUG Metrics:416 - Added sensor with name io-time:
2020-03-23 22:41:21 DEBUG Metrics:416 - Added sensor with name batch-size
2020-03-23 22:41:21 DEBUG Metrics:416 - Added sensor with name compression-rate
2020-03-23 22:41:21 DEBUG Metrics:416 - Added sensor with name queue-time
2020-03-23 22:41:21 DEBUG Metrics:416 - Added sensor with name request-time
2020-03-23 22:41:21 DEBUG Metrics:416 - Added sensor with name records-per-request
2020-03-23 22:41:21 DEBUG Metrics:416 - Added sensor with name record-retries
2020-03-23 22:41:21 DEBUG Metrics:416 - Added sensor with name record-size
2020-03-23 22:41:21 DEBUG Metrics:416 - Added sensor with name batch-split-rate
2020-03-23 22:41:21 ERROR KafkaThread:51 - Uncaught exception in thread 'kafka-producer-network-thread | producer-1':
2020-03-23 22:41:21 INFO  AppInfoParser:117 - Kafka version: 2.3.0
2020-03-23 22:41:21 INFO  AppInfoParser:118 - Kafka commitId: fc1aaa116b661c8a
2020-03-23 22:41:21 INFO  AppInfoParser:119 - Kafka startTimeMs: 1584974481631
2020-03-23 22:44:46 INFO  ProducerConfig:347 - ProducerConfig values: 
	acks = all
	batch.size = 16384
	bootstrap.servers = [localhost:9092]
	buffer.memory = 33554432
	client.dns.lookup = default
	client.id = 
	compression.type = none
	connections.max.idle.ms = 540000
	delivery.timeout.ms = 120000
	enable.idempotence = false
	interceptor.classes = []
	key.serializer = class org.apache.kafka.common.serialization.StringSerializer
	linger.ms = 1
	max.block.ms = 60000
	max.in.flight.requests.per.connection = 5
	max.request.size = 1048576
	metadata.max.age.ms = 300000
	metric.reporters = []
	metrics.num.samples = 2
	metrics.recording.level = INFO
	metrics.sample.window.ms = 30000
	partitioner.class = class org.apache.kafka.clients.producer.internals.DefaultPartitioner
	receive.buffer.bytes = 32768
	reconnect.backoff.max.ms = 1000
	reconnect.backoff.ms = 50
	request.timeout.ms = 30000
	retries = 0
	retry.backoff.ms = 100
	sasl.client.callback.handler.class = null
	sasl.jaas.config = null
	sasl.kerberos.kinit.cmd = /usr/bin/kinit
	sasl.kerberos.min.time.before.relogin = 60000
	sasl.kerberos.service.name = null
	sasl.kerberos.ticket.renew.jitter = 0.05
	sasl.kerberos.ticket.renew.window.factor = 0.8
	sasl.login.callback.handler.class = null
	sasl.login.class = null
	sasl.login.refresh.buffer.seconds = 300
	sasl.login.refresh.min.period.seconds = 60
	sasl.login.refresh.window.factor = 0.8
	sasl.login.refresh.window.jitter = 0.05
	sasl.mechanism = GSSAPI
	security.protocol = PLAINTEXT
	send.buffer.bytes = 131072
	ssl.cipher.suites = null
	ssl.enabled.protocols = [TLSv1.2, TLSv1.1, TLSv1]
	ssl.endpoint.identification.algorithm = https
	ssl.key.password = null
	ssl.keymanager.algorithm = SunX509
	ssl.keystore.location = null
	ssl.keystore.password = null
	ssl.keystore.type = JKS
	ssl.protocol = TLS
	ssl.provider = null
	ssl.secure.random.implementation = null
	ssl.trustmanager.algorithm = PKIX
	ssl.truststore.location = null
	ssl.truststore.password = null
	ssl.truststore.type = JKS
	transaction.timeout.ms = 60000
	transactional.id = null
	value.serializer = class org.apache.kafka.common.serialization.StringSerializer

2020-03-23 22:44:46 DEBUG Metrics:416 - Added sensor with name bufferpool-wait-time
2020-03-23 22:44:46 DEBUG Metrics:416 - Added sensor with name buffer-exhausted-records
2020-03-23 22:44:47 DEBUG Metrics:416 - Added sensor with name errors
2020-03-23 22:44:47 DEBUG Metrics:416 - Added sensor with name produce-throttle-time
2020-03-23 22:44:47 DEBUG Metrics:416 - Added sensor with name connections-closed:
2020-03-23 22:44:47 DEBUG Metrics:416 - Added sensor with name connections-created:
2020-03-23 22:44:47 DEBUG Metrics:416 - Added sensor with name successful-authentication:
2020-03-23 22:44:47 DEBUG Metrics:416 - Added sensor with name successful-reauthentication:
2020-03-23 22:44:47 DEBUG Metrics:416 - Added sensor with name successful-authentication-no-reauth:
2020-03-23 22:44:47 DEBUG Metrics:416 - Added sensor with name failed-authentication:
2020-03-23 22:44:47 DEBUG Metrics:416 - Added sensor with name failed-reauthentication:
2020-03-23 22:44:47 DEBUG Metrics:416 - Added sensor with name reauthentication-latency:
2020-03-23 22:44:47 DEBUG Metrics:416 - Added sensor with name bytes-sent-received:
2020-03-23 22:44:47 DEBUG Metrics:416 - Added sensor with name bytes-sent:
2020-03-23 22:44:47 DEBUG Metrics:416 - Added sensor with name bytes-received:
2020-03-23 22:44:47 DEBUG Metrics:416 - Added sensor with name select-time:
2020-03-23 22:44:47 DEBUG Metrics:416 - Added sensor with name io-time:
2020-03-23 22:44:47 DEBUG Metrics:416 - Added sensor with name batch-size
2020-03-23 22:44:47 DEBUG Metrics:416 - Added sensor with name compression-rate
2020-03-23 22:44:47 DEBUG Metrics:416 - Added sensor with name queue-time
2020-03-23 22:44:47 DEBUG Metrics:416 - Added sensor with name request-time
2020-03-23 22:44:47 DEBUG Metrics:416 - Added sensor with name records-per-request
2020-03-23 22:44:47 DEBUG Metrics:416 - Added sensor with name record-retries
2020-03-23 22:44:47 DEBUG Metrics:416 - Added sensor with name record-size
2020-03-23 22:44:47 DEBUG Metrics:416 - Added sensor with name batch-split-rate
2020-03-23 22:44:47 ERROR KafkaThread:51 - Uncaught exception in thread 'kafka-producer-network-thread | producer-1':
2020-03-23 22:44:47 INFO  AppInfoParser:117 - Kafka version: 2.3.0
2020-03-23 22:44:47 INFO  AppInfoParser:118 - Kafka commitId: fc1aaa116b661c8a
2020-03-23 22:44:47 INFO  AppInfoParser:119 - Kafka startTimeMs: 1584974687203
2020-03-23 22:46:50 INFO  ProducerConfig:347 - ProducerConfig values: 
	acks = all
	batch.size = 16384
	bootstrap.servers = [localhost:9092]
	buffer.memory = 33554432
	client.dns.lookup = default
	client.id = 
	compression.type = none
	connections.max.idle.ms = 540000
	delivery.timeout.ms = 120000
	enable.idempotence = false
	interceptor.classes = []
	key.serializer = class org.apache.kafka.common.serialization.StringSerializer
	linger.ms = 1
	max.block.ms = 60000
	max.in.flight.requests.per.connection = 5
	max.request.size = 1048576
	metadata.max.age.ms = 300000
	metric.reporters = []
	metrics.num.samples = 2
	metrics.recording.level = INFO
	metrics.sample.window.ms = 30000
	partitioner.class = class org.apache.kafka.clients.producer.internals.DefaultPartitioner
	receive.buffer.bytes = 32768
	reconnect.backoff.max.ms = 1000
	reconnect.backoff.ms = 50
	request.timeout.ms = 30000
	retries = 0
	retry.backoff.ms = 100
	sasl.client.callback.handler.class = null
	sasl.jaas.config = null
	sasl.kerberos.kinit.cmd = /usr/bin/kinit
	sasl.kerberos.min.time.before.relogin = 60000
	sasl.kerberos.service.name = null
	sasl.kerberos.ticket.renew.jitter = 0.05
	sasl.kerberos.ticket.renew.window.factor = 0.8
	sasl.login.callback.handler.class = null
	sasl.login.class = null
	sasl.login.refresh.buffer.seconds = 300
	sasl.login.refresh.min.period.seconds = 60
	sasl.login.refresh.window.factor = 0.8
	sasl.login.refresh.window.jitter = 0.05
	sasl.mechanism = GSSAPI
	security.protocol = PLAINTEXT
	send.buffer.bytes = 131072
	ssl.cipher.suites = null
	ssl.enabled.protocols = [TLSv1.2, TLSv1.1, TLSv1]
	ssl.endpoint.identification.algorithm = https
	ssl.key.password = null
	ssl.keymanager.algorithm = SunX509
	ssl.keystore.location = null
	ssl.keystore.password = null
	ssl.keystore.type = JKS
	ssl.protocol = TLS
	ssl.provider = null
	ssl.secure.random.implementation = null
	ssl.trustmanager.algorithm = PKIX
	ssl.truststore.location = null
	ssl.truststore.password = null
	ssl.truststore.type = JKS
	transaction.timeout.ms = 60000
	transactional.id = null
	value.serializer = class org.apache.kafka.common.serialization.StringSerializer

2020-03-23 22:46:51 DEBUG Metrics:416 - Added sensor with name bufferpool-wait-time
2020-03-23 22:46:51 DEBUG Metrics:416 - Added sensor with name buffer-exhausted-records
2020-03-23 22:46:51 DEBUG Metrics:416 - Added sensor with name errors
2020-03-23 22:46:51 DEBUG Metrics:416 - Added sensor with name produce-throttle-time
2020-03-23 22:46:51 DEBUG Metrics:416 - Added sensor with name connections-closed:
2020-03-23 22:46:51 DEBUG Metrics:416 - Added sensor with name connections-created:
2020-03-23 22:46:51 DEBUG Metrics:416 - Added sensor with name successful-authentication:
2020-03-23 22:46:51 DEBUG Metrics:416 - Added sensor with name successful-reauthentication:
2020-03-23 22:46:51 DEBUG Metrics:416 - Added sensor with name successful-authentication-no-reauth:
2020-03-23 22:46:51 DEBUG Metrics:416 - Added sensor with name failed-authentication:
2020-03-23 22:46:51 DEBUG Metrics:416 - Added sensor with name failed-reauthentication:
2020-03-23 22:46:51 DEBUG Metrics:416 - Added sensor with name reauthentication-latency:
2020-03-23 22:46:51 DEBUG Metrics:416 - Added sensor with name bytes-sent-received:
2020-03-23 22:46:51 DEBUG Metrics:416 - Added sensor with name bytes-sent:
2020-03-23 22:46:51 DEBUG Metrics:416 - Added sensor with name bytes-received:
2020-03-23 22:46:51 DEBUG Metrics:416 - Added sensor with name select-time:
2020-03-23 22:46:51 DEBUG Metrics:416 - Added sensor with name io-time:
2020-03-23 22:46:51 DEBUG Metrics:416 - Added sensor with name batch-size
2020-03-23 22:46:51 DEBUG Metrics:416 - Added sensor with name compression-rate
2020-03-23 22:46:51 DEBUG Metrics:416 - Added sensor with name queue-time
2020-03-23 22:46:51 DEBUG Metrics:416 - Added sensor with name request-time
2020-03-23 22:46:51 DEBUG Metrics:416 - Added sensor with name records-per-request
2020-03-23 22:46:51 DEBUG Metrics:416 - Added sensor with name record-retries
2020-03-23 22:46:51 DEBUG Metrics:416 - Added sensor with name record-size
2020-03-23 22:46:51 DEBUG Metrics:416 - Added sensor with name batch-split-rate
2020-03-23 22:46:51 ERROR KafkaThread:51 - Uncaught exception in thread 'kafka-producer-network-thread | producer-1':
2020-03-23 22:46:51 INFO  AppInfoParser:117 - Kafka version: 2.3.0
2020-03-23 22:46:51 INFO  AppInfoParser:118 - Kafka commitId: fc1aaa116b661c8a
2020-03-23 22:46:51 INFO  AppInfoParser:119 - Kafka startTimeMs: 1584974811463
